<?xml version="1.0" encoding="UTF-8"?>
<!-- Generated by org.testng.reporters.JUnitReportReporter -->
<testsuite hostname="LAPTOP-UQB2E24M" failures="0" tests="3" name="day1.OpenWeatherAPI" time="2.506" errors="0" timestamp="10 Nov 2021 07:49:41 GMT" skipped="1">
  <testcase classname="day1.OpenWeatherAPI" name="getWheatherInfo3" time="0.265"/>
  <testcase classname="day1.OpenWeatherAPI" name="getWheatherInfo" time="2.241"/>
  <testcase classname="day1.OpenWeatherAPI" name="getWheatherInfo2">
    <skipped/>
  </testcase> <!-- getWheatherInfo2 -->
</testsuite> <!-- day1.OpenWeatherAPI -->
