<?xml version="1.0" encoding="UTF-8"?>
<!-- Generated by org.testng.reporters.JUnitReportReporter -->
<testsuite hostname="LAPTOP-UQB2E24M" failures="0" tests="5" name="day1.PositiveTest" time="4.785" errors="0" timestamp="09 Nov 2021 10:14:12 GMT" skipped="1">
  <testcase classname="day1.PositiveTest" name="getSpecificContact" time="0.600"/>
  <testcase classname="day1.PositiveTest" name="updateContact" time="0.702"/>
  <testcase classname="day1.PositiveTest" name="deleteSpecificContact" time="0.578"/>
  <testcase classname="day1.PositiveTest" name="addContact" time="2.905"/>
  <testcase classname="day1.PositiveTest" name="getAllContactList">
    <skipped/>
  </testcase> <!-- getAllContactList -->
</testsuite> <!-- day1.PositiveTest -->
